<?xml version="1.0" encoding="UTF-8"?>
<coverage generated="1655817306896" clover="3.2.0">
  <project timestamp="1655817306896" name="All files">
    <metrics statements="23" coveredstatements="23" conditionals="0" coveredconditionals="0" methods="10" coveredmethods="10" elements="33" coveredelements="33" complexity="0" loc="23" ncloc="23" packages="1" files="2" classes="2"/>
    <file name="bank.js" path="/Users/timgraham/Projects/Week10/bank/bank.js">
      <metrics statements="9" coveredstatements="9" conditionals="0" coveredconditionals="0" methods="4" coveredmethods="4"/>
      <line num="1" count="2" type="stmt"/>
      <line num="7" count="7" type="stmt"/>
      <line num="8" count="7" type="stmt"/>
      <line num="13" count="5" type="stmt"/>
      <line num="14" count="5" type="stmt"/>
      <line num="18" count="3" type="stmt"/>
      <line num="19" count="3" type="stmt"/>
      <line num="23" count="1" type="stmt"/>
      <line num="28" count="2" type="stmt"/>
    </file>
    <file name="statement.js" path="/Users/timgraham/Projects/Week10/bank/statement.js">
      <metrics statements="14" coveredstatements="14" conditionals="0" coveredconditionals="0" methods="6" coveredmethods="6"/>
      <line num="5" count="7" type="stmt"/>
      <line num="10" count="5" type="stmt"/>
      <line num="11" count="5" type="stmt"/>
      <line num="15" count="3" type="stmt"/>
      <line num="16" count="3" type="stmt"/>
      <line num="20" count="1" type="stmt"/>
      <line num="21" count="1" type="stmt"/>
      <line num="22" count="1" type="stmt"/>
      <line num="23" count="1" type="stmt"/>
      <line num="24" count="1" type="stmt"/>
      <line num="28" count="1" type="stmt"/>
      <line num="32" count="8" type="stmt"/>
      <line num="33" count="8" type="stmt"/>
      <line num="38" count="2" type="stmt"/>
    </file>
  </project>
</coverage>
