{"/Users/timgraham/Projects/Week10/bank/bank.js": {"path":"/Users/timgraham/Projects/Week10/bank/bank.js","statementMap":{"0":{"start":{"line":1,"column":18},"end":{"line":1,"column":40}},"1":{"start":{"line":7,"column":4},"end":{"line":7,"column":21}},"2":{"start":{"line":8,"column":4},"end":{"line":8,"column":37}},"3":{"start":{"line":13,"column":4},"end":{"line":13,"column":27}},"4":{"start":{"line":14,"column":4},"end":{"line":14,"column":53}},"5":{"start":{"line":18,"column":4},"end":{"line":18,"column":27}},"6":{"start":{"line":19,"column":4},"end":{"line":19,"column":56}},"7":{"start":{"line":23,"column":4},"end":{"line":23,"column":56}},"8":{"start":{"line":28,"column":0},"end":{"line":28,"column":22}}},"fnMap":{"0":{"name":"(anonymous_0)","decl":{"start":{"line":5,"column":2},"end":{"line":5,"column":3}},"loc":{"start":{"line":5,"column":17},"end":{"line":10,"column":3}},"line":5},"1":{"name":"(anonymous_1)","decl":{"start":{"line":12,"column":2},"end":{"line":12,"column":3}},"loc":{"start":{"line":12,"column":19},"end":{"line":15,"column":3}},"line":12},"2":{"name":"(anonymous_2)","decl":{"start":{"line":17,"column":2},"end":{"line":17,"column":3}},"loc":{"start":{"line":17,"column":20},"end":{"line":20,"column":3}},"line":17},"3":{"name":"(anonymous_3)","decl":{"start":{"line":22,"column":2},"end":{"line":22,"column":3}},"loc":{"start":{"line":22,"column":18},"end":{"line":24,"column":3}},"line":22}},"branchMap":{},"s":{"0":2,"1":7,"2":7,"3":5,"4":5,"5":3,"6":3,"7":1,"8":2},"f":{"0":7,"1":5,"2":3,"3":1},"b":{},"_coverageSchema":"1a1c01bbd47fc00a2c39e90264f33305004495a9","hash":"6cbace6e72238705fdd37d9ea03aaf1553c66efa"}
,"/Users/timgraham/Projects/Week10/bank/statement.js": {"path":"/Users/timgraham/Projects/Week10/bank/statement.js","statementMap":{"0":{"start":{"line":1,"column":13},"end":{"line":1,"column":33}},"1":{"start":{"line":7,"column":4},"end":{"line":7,"column":30}},"2":{"start":{"line":12,"column":15},"end":{"line":12,"column":26}},"3":{"start":{"line":13,"column":4},"end":{"line":13,"column":73}},"4":{"start":{"line":17,"column":15},"end":{"line":17,"column":26}},"5":{"start":{"line":18,"column":4},"end":{"line":18,"column":73}},"6":{"start":{"line":22,"column":19},"end":{"line":22,"column":57}},"7":{"start":{"line":23,"column":4},"end":{"line":23,"column":38}},"8":{"start":{"line":24,"column":27},"end":{"line":24,"column":56}},"9":{"start":{"line":25,"column":22},"end":{"line":25,"column":54}},"10":{"start":{"line":26,"column":4},"end":{"line":26,"column":21}},"11":{"start":{"line":30,"column":4},"end":{"line":30,"column":35}},"12":{"start":{"line":34,"column":16},"end":{"line":34,"column":26}},"13":{"start":{"line":35,"column":4},"end":{"line":35,"column":44}},"14":{"start":{"line":40,"column":0},"end":{"line":40,"column":27}}},"fnMap":{"0":{"name":"(anonymous_0)","decl":{"start":{"line":5,"column":2},"end":{"line":5,"column":3}},"loc":{"start":{"line":5,"column":17},"end":{"line":9,"column":3}},"line":5},"1":{"name":"(anonymous_1)","decl":{"start":{"line":11,"column":2},"end":{"line":11,"column":3}},"loc":{"start":{"line":11,"column":32},"end":{"line":14,"column":3}},"line":11},"2":{"name":"(anonymous_2)","decl":{"start":{"line":16,"column":2},"end":{"line":16,"column":3}},"loc":{"start":{"line":16,"column":35},"end":{"line":19,"column":3}},"line":16},"3":{"name":"(anonymous_3)","decl":{"start":{"line":21,"column":2},"end":{"line":21,"column":3}},"loc":{"start":{"line":21,"column":21},"end":{"line":27,"column":3}},"line":21},"4":{"name":"(anonymous_4)","decl":{"start":{"line":29,"column":2},"end":{"line":29,"column":3}},"loc":{"start":{"line":29,"column":32},"end":{"line":31,"column":3}},"line":29},"5":{"name":"(anonymous_5)","decl":{"start":{"line":33,"column":2},"end":{"line":33,"column":3}},"loc":{"start":{"line":33,"column":10},"end":{"line":36,"column":3}},"line":33}},"branchMap":{},"s":{"0":2,"1":7,"2":5,"3":5,"4":3,"5":3,"6":1,"7":1,"8":1,"9":1,"10":1,"11":1,"12":8,"13":8,"14":2},"f":{"0":7,"1":5,"2":3,"3":1,"4":1,"5":8},"b":{},"_coverageSchema":"1a1c01bbd47fc00a2c39e90264f33305004495a9","hash":"5c9cff13666d76a86d2a5f066415cca6cf02d5b6"}
}
