TN:
SF:bank.js
FN:5,(anonymous_0)
FN:12,(anonymous_1)
FN:17,(anonymous_2)
FN:22,(anonymous_3)
FNF:4
FNH:4
FNDA:7,(anonymous_0)
FNDA:5,(anonymous_1)
FNDA:3,(anonymous_2)
FNDA:1,(anonymous_3)
DA:1,2
DA:7,7
DA:8,7
DA:13,5
DA:14,5
DA:18,3
DA:19,3
DA:23,1
DA:28,2
LF:9
LH:9
BRF:0
BRH:0
end_of_record
TN:
SF:statement.js
FN:5,(anonymous_0)
FN:11,(anonymous_1)
FN:16,(anonymous_2)
FN:21,(anonymous_3)
FN:29,(anonymous_4)
FN:33,(anonymous_5)
FNF:6
FNH:6
FNDA:7,(anonymous_0)
FNDA:5,(anonymous_1)
FNDA:3,(anonymous_2)
FNDA:1,(anonymous_3)
FNDA:1,(anonymous_4)
FNDA:8,(anonymous_5)
DA:1,2
DA:7,7
DA:12,5
DA:13,5
DA:17,3
DA:18,3
DA:22,1
DA:23,1
DA:24,1
DA:25,1
DA:26,1
DA:30,1
DA:34,8
DA:35,8
DA:40,2
LF:15
LH:15
BRF:0
BRH:0
end_of_record
